# JRE version: OpenJDK Runtime Environment OpenLogic-OpenJDK (17.0.13+11) (build 17.0.13+11-adhoc..jdk17u)
# Java VM: OpenJDK 64-Bit Server VM OpenLogic-OpenJDK (17.0.13+11-adhoc..jdk17u, mixed mode, emulated-client, sharing, tiered, compressed oops, compressed class ptrs, g1 gc, windows-amd64)
GC Precious Log:
 CPUs: 8 total, 8 available
 Memory: 15807M
 Large Page Support: Disabled
 NUMA Support: Disabled
 Compressed Oops: Enabled (Zero based)
 Heap Region Size: 2M
 Heap Min Capacity: 8M
 Heap Initial Capacity: 248M
 Heap Max Capacity: 3952M
 Pre-touch: Disabled
 Parallel Workers: 8
 Concurrent Workers: 2
 Concurrent Refinement Workers: 8
 Periodic GC: Disabled
Heap:
 garbage-first heap   total 192512K, used 142829K [0x0000000709000000, 0x0000000800000000)
  region size 2048K, 48 young (98304K), 2 survivors (4096K)
 Metaspace       used 68525K, committed 69184K, reserved 1114112K
  class space    used 10126K, committed 10432K, reserved 1048576K
GC Heap History (20 events):
Event: 3.429 GC heap before
{Heap before GC invocations=7 (full 0):
 garbage-first heap   total 61440K, used 39199K [0x0000000709000000, 0x0000000800000000)
  region size 2048K, 14 young (28672K), 3 survivors (6144K)
 Metaspace       used 31008K, committed 31488K, reserved 1114112K
  class space    used 4328K, committed 4544K, reserved 1048576K
}
Event: 3.440 GC heap after
{Heap after GC invocations=8 (full 0):
 garbage-first heap   total 61440K, used 20424K [0x0000000709000000, 0x0000000800000000)
  region size 2048K, 1 young (2048K), 1 survivors (2048K)
 Metaspace       used 31008K, committed 31488K, reserved 1114112K
  class space    used 4328K, committed 4544K, reserved 1048576K
}
Event: 3.761 GC heap before
{Heap before GC invocations=8 (full 0):
 garbage-first heap   total 61440K, used 40904K [0x0000000709000000, 0x0000000800000000)
  region size 2048K, 12 young (24576K), 1 survivors (2048K)
 Metaspace       used 35621K, committed 36096K, reserved 1114112K
  class space    used 5114K, committed 5312K, reserved 1048576K
}
Event: 3.770 GC heap after
{Heap after GC invocations=9 (full 0):
 garbage-first heap   total 157696K, used 20648K [0x0000000709000000, 0x0000000800000000)
  region size 2048K, 2 young (4096K), 2 survivors (4096K)
 Metaspace       used 35621K, committed 36096K, reserved 1114112K
  class space    used 5114K, committed 5312K, reserved 1048576K
}
Event: 4.699 GC heap before
{Heap before GC invocations=10 (full 0):
 garbage-first heap   total 81920K, used 69800K [0x0000000709000000, 0x0000000800000000)
  region size 2048K, 27 young (55296K), 2 survivors (4096K)
 Metaspace       used 48543K, committed 49088K, reserved 1114112K
  class space    used 6861K, committed 7104K, reserved 1048576K
}
Event: 4.708 GC heap after
{Heap after GC invocations=11 (full 0):
 garbage-first heap   total 81920K, used 24160K [0x0000000709000000, 0x0000000800000000)
  region size 2048K, 3 young (6144K), 3 survivors (6144K)
 Metaspace       used 48543K, committed 49088K, reserved 1114112K
  class space    used 6861K, committed 7104K, reserved 1048576K
}
Event: 5.760 GC heap before
{Heap before GC invocations=11 (full 0):
 garbage-first heap   total 81920K, used 61024K [0x0000000709000000, 0x0000000800000000)
  region size 2048K, 22 young (45056K), 3 survivors (6144K)
 Metaspace       used 55169K, committed 55808K, reserved 1114112K
  class space    used 7948K, committed 8256K, reserved 1048576K
}
Event: 5.769 GC heap after
{Heap after GC invocations=12 (full 0):
 garbage-first heap   total 81920K, used 25830K [0x0000000709000000, 0x0000000800000000)
  region size 2048K, 1 young (2048K), 1 survivors (2048K)
 Metaspace       used 55169K, committed 55808K, reserved 1114112K
  class space    used 7948K, committed 8256K, reserved 1048576K
}
Event: 6.293 GC heap before
{Heap before GC invocations=12 (full 0):
 garbage-first heap   total 81920K, used 54502K [0x0000000709000000, 0x0000000800000000)
  region size 2048K, 16 young (32768K), 1 survivors (2048K)
 Metaspace       used 60157K, committed 60736K, reserved 1114112K
  class space    used 8720K, committed 8960K, reserved 1048576K
}
Event: 6.301 GC heap after
{Heap after GC invocations=13 (full 0):
 garbage-first heap   total 81920K, used 27728K [0x0000000709000000, 0x0000000800000000)
  region size 2048K, 2 young (4096K), 2 survivors (4096K)
 Metaspace       used 60157K, committed 60736K, reserved 1114112K
  class space    used 8720K, committed 8960K, reserved 1048576K
}
Event: 6.556 GC heap before
{Heap before GC invocations=14 (full 0):
 garbage-first heap   total 81920K, used 64592K [0x0000000709000000, 0x0000000800000000)
  region size 2048K, 20 young (40960K), 2 survivors (4096K)
 Metaspace       used 61623K, committed 62208K, reserved 1114112K
  class space    used 9131K, committed 9408K, reserved 1048576K
}
Event: 6.574 GC heap after
{Heap after GC invocations=15 (full 0):
 garbage-first heap   total 81920K, used 35508K [0x0000000709000000, 0x0000000800000000)
  region size 2048K, 3 young (6144K), 3 survivors (6144K)
 Metaspace       used 61623K, committed 62208K, reserved 1114112K
  class space    used 9131K, committed 9408K, reserved 1048576K
}
Event: 6.578 GC heap before
{Heap before GC invocations=15 (full 0):
 garbage-first heap   total 81920K, used 37556K [0x0000000709000000, 0x0000000800000000)
  region size 2048K, 4 young (8192K), 3 survivors (6144K)
 Metaspace       used 61625K, committed 62208K, reserved 1114112K
  class space    used 9131K, committed 9408K, reserved 1048576K
}
Event: 6.590 GC heap after
{Heap after GC invocations=16 (full 0):
 garbage-first heap   total 81920K, used 36311K [0x0000000709000000, 0x0000000800000000)
  region size 2048K, 1 young (2048K), 1 survivors (2048K)
 Metaspace       used 61625K, committed 62208K, reserved 1114112K
  class space    used 9131K, committed 9408K, reserved 1048576K
}
Event: 6.644 GC heap before
{Heap before GC invocations=16 (full 0):
 garbage-first heap   total 81920K, used 58839K [0x0000000709000000, 0x0000000800000000)
  region size 2048K, 12 young (24576K), 1 survivors (2048K)
 Metaspace       used 61634K, committed 62208K, reserved 1114112K
  class space    used 9131K, committed 9408K, reserved 1048576K
}
Event: 6.647 GC heap after
{Heap after GC invocations=17 (full 0):
 garbage-first heap   total 81920K, used 36242K [0x0000000709000000, 0x0000000800000000)
  region size 2048K, 1 young (2048K), 1 survivors (2048K)
 Metaspace       used 61634K, committed 62208K, reserved 1114112K
  class space    used 9131K, committed 9408K, reserved 1048576K
}
Event: 6.712 GC heap before
{Heap before GC invocations=17 (full 0):
 garbage-first heap   total 81920K, used 60818K [0x0000000709000000, 0x0000000800000000)
  region size 2048K, 13 young (26624K), 1 survivors (2048K)
 Metaspace       used 61634K, committed 62208K, reserved 1114112K
  class space    used 9131K, committed 9408K, reserved 1048576K
}
Event: 6.725 GC heap after
{Heap after GC invocations=18 (full 0):
 garbage-first heap   total 81920K, used 44539K [0x0000000709000000, 0x0000000800000000)
  region size 2048K, 2 young (4096K), 2 survivors (4096K)
 Metaspace       used 61634K, committed 62208K, reserved 1114112K
  class space    used 9131K, committed 9408K, reserved 1048576K
}
Event: 6.770 GC heap before
{Heap before GC invocations=18 (full 0):
 garbage-first heap   total 81920K, used 60923K [0x0000000709000000, 0x0000000800000000)
  region size 2048K, 10 young (20480K), 2 survivors (4096K)
 Metaspace       used 61634K, committed 62208K, reserved 1114112K
  class space    used 9131K, committed 9408K, reserved 1048576K
}
Event: 6.787 GC heap after
{Heap after GC invocations=19 (full 0):
 garbage-first heap   total 229376K, used 50669K [0x0000000709000000, 0x0000000800000000)
  region size 2048K, 2 young (4096K), 2 survivors (4096K)
 Metaspace       used 61634K, committed 62208K, reserved 1114112K
  class space    used 9131K, committed 9408K, reserved 1048576K
}

